mode: set
github.com/yoshpy-dev/harness-engineering-scaffolding-template/cmd/ralph-tui/main.go:18.13,25.18 6 0
github.com/yoshpy-dev/harness-engineering-scaffolding-template/cmd/ralph-tui/main.go:25.18,28.3 2 0
github.com/yoshpy-dev/harness-engineering-scaffolding-template/cmd/ralph-tui/main.go:30.2,30.20 1 0
github.com/yoshpy-dev/harness-engineering-scaffolding-template/cmd/ralph-tui/main.go:30.20,32.3 1 0
github.com/yoshpy-dev/harness-engineering-scaffolding-template/cmd/ralph-tui/main.go:33.2,33.25 1 0
github.com/yoshpy-dev/harness-engineering-scaffolding-template/cmd/ralph-tui/main.go:33.25,35.3 1 0
github.com/yoshpy-dev/harness-engineering-scaffolding-template/cmd/ralph-tui/main.go:38.2,39.16 2 0
github.com/yoshpy-dev/harness-engineering-scaffolding-template/cmd/ralph-tui/main.go:39.16,41.3 1 0
github.com/yoshpy-dev/harness-engineering-scaffolding-template/cmd/ralph-tui/main.go:42.2,43.16 2 0
github.com/yoshpy-dev/harness-engineering-scaffolding-template/cmd/ralph-tui/main.go:43.16,45.3 1 0
github.com/yoshpy-dev/harness-engineering-scaffolding-template/cmd/ralph-tui/main.go:47.2,48.20 2 0
github.com/yoshpy-dev/harness-engineering-scaffolding-template/cmd/ralph-tui/main.go:48.20,50.17 2 0
github.com/yoshpy-dev/harness-engineering-scaffolding-template/cmd/ralph-tui/main.go:50.17,52.4 1 0
github.com/yoshpy-dev/harness-engineering-scaffolding-template/cmd/ralph-tui/main.go:56.2,57.16 2 0
github.com/yoshpy-dev/harness-engineering-scaffolding-template/cmd/ralph-tui/main.go:57.16,59.3 1 0
github.com/yoshpy-dev/harness-engineering-scaffolding-template/cmd/ralph-tui/main.go:62.2,63.16 2 0
github.com/yoshpy-dev/harness-engineering-scaffolding-template/cmd/ralph-tui/main.go:63.16,65.3 1 0
github.com/yoshpy-dev/harness-engineering-scaffolding-template/cmd/ralph-tui/main.go:66.2,66.15 1 0
github.com/yoshpy-dev/harness-engineering-scaffolding-template/cmd/ralph-tui/main.go:66.15,66.31 1 0
github.com/yoshpy-dev/harness-engineering-scaffolding-template/cmd/ralph-tui/main.go:70.2,72.59 3 0
github.com/yoshpy-dev/harness-engineering-scaffolding-template/cmd/ralph-tui/main.go:72.59,74.3 1 0
github.com/yoshpy-dev/harness-engineering-scaffolding-template/cmd/ralph-tui/main.go:77.2,80.35 3 0
github.com/yoshpy-dev/harness-engineering-scaffolding-template/cmd/ralph-tui/main.go:80.35,82.3 1 0
github.com/yoshpy-dev/harness-engineering-scaffolding-template/cmd/ralph-tui/main.go:87.45,90.15 2 0
github.com/yoshpy-dev/harness-engineering-scaffolding-template/cmd/ralph-tui/main.go:90.15,91.64 1 0
github.com/yoshpy-dev/harness-engineering-scaffolding-template/cmd/ralph-tui/main.go:91.64,93.4 1 0
github.com/yoshpy-dev/harness-engineering-scaffolding-template/cmd/ralph-tui/main.go:94.3,94.76 1 0
github.com/yoshpy-dev/harness-engineering-scaffolding-template/cmd/ralph-tui/main.go:94.76,96.4 1 0
github.com/yoshpy-dev/harness-engineering-scaffolding-template/cmd/ralph-tui/main.go:97.3,98.20 2 0
github.com/yoshpy-dev/harness-engineering-scaffolding-template/cmd/ralph-tui/main.go:98.20,99.9 1 0
github.com/yoshpy-dev/harness-engineering-scaffolding-template/cmd/ralph-tui/main.go:101.3,101.15 1 0
github.com/yoshpy-dev/harness-engineering-scaffolding-template/cmd/ralph-tui/main.go:104.2,104.49 1 0
github.com/yoshpy-dev/harness-engineering-scaffolding-template/cmd/ralph-tui/main.go:117.130,129.2 3 0
github.com/yoshpy-dev/harness-engineering-scaffolding-template/cmd/ralph-tui/main.go:131.35,133.2 1 0
github.com/yoshpy-dev/harness-engineering-scaffolding-template/cmd/ralph-tui/main.go:135.61,138.20 2 0
github.com/yoshpy-dev/harness-engineering-scaffolding-template/cmd/ralph-tui/main.go:139.31,141.86 1 0
github.com/yoshpy-dev/harness-engineering-scaffolding-template/cmd/ralph-tui/main.go:141.86,144.18 3 0
github.com/yoshpy-dev/harness-engineering-scaffolding-template/cmd/ralph-tui/main.go:144.18,146.5 1 0
github.com/yoshpy-dev/harness-engineering-scaffolding-template/cmd/ralph-tui/main.go:149.3,150.31 2 0
github.com/yoshpy-dev/harness-engineering-scaffolding-template/cmd/ralph-tui/main.go:152.26,157.17 4 0
github.com/yoshpy-dev/harness-engineering-scaffolding-template/cmd/ralph-tui/main.go:157.17,159.4 1 0
github.com/yoshpy-dev/harness-engineering-scaffolding-template/cmd/ralph-tui/main.go:160.3,161.31 2 0
github.com/yoshpy-dev/harness-engineering-scaffolding-template/cmd/ralph-tui/main.go:163.31,165.16 1 0
github.com/yoshpy-dev/harness-engineering-scaffolding-template/cmd/ralph-tui/main.go:169.2,171.16 3 0
github.com/yoshpy-dev/harness-engineering-scaffolding-template/cmd/ralph-tui/main.go:171.16,173.3 1 0
github.com/yoshpy-dev/harness-engineering-scaffolding-template/cmd/ralph-tui/main.go:176.2,176.19 1 0
github.com/yoshpy-dev/harness-engineering-scaffolding-template/cmd/ralph-tui/main.go:176.19,178.3 1 0
github.com/yoshpy-dev/harness-engineering-scaffolding-template/cmd/ralph-tui/main.go:180.2,180.30 1 0
github.com/yoshpy-dev/harness-engineering-scaffolding-template/cmd/ralph-tui/main.go:183.36,187.2 3 0
github.com/yoshpy-dev/harness-engineering-scaffolding-template/cmd/ralph-tui/version.go:12.29,14.2 1 0
github.com/yoshpy-dev/harness-engineering-scaffolding-template/internal/state/reader.go:15.72,18.16 3 1
github.com/yoshpy-dev/harness-engineering-scaffolding-template/internal/state/reader.go:18.16,20.3 1 1
github.com/yoshpy-dev/harness-engineering-scaffolding-template/internal/state/reader.go:21.2,22.49 2 1
github.com/yoshpy-dev/harness-engineering-scaffolding-template/internal/state/reader.go:22.49,24.3 1 1
github.com/yoshpy-dev/harness-engineering-scaffolding-template/internal/state/reader.go:25.2,25.16 1 1
github.com/yoshpy-dev/harness-engineering-scaffolding-template/internal/state/reader.go:29.65,32.16 3 1
github.com/yoshpy-dev/harness-engineering-scaffolding-template/internal/state/reader.go:32.16,34.3 1 1
github.com/yoshpy-dev/harness-engineering-scaffolding-template/internal/state/reader.go:35.2,35.45 1 1
github.com/yoshpy-dev/harness-engineering-scaffolding-template/internal/state/reader.go:39.90,42.16 3 1
github.com/yoshpy-dev/harness-engineering-scaffolding-template/internal/state/reader.go:42.16,44.3 1 1
github.com/yoshpy-dev/harness-engineering-scaffolding-template/internal/state/reader.go:45.2,46.49 2 1
github.com/yoshpy-dev/harness-engineering-scaffolding-template/internal/state/reader.go:46.49,48.3 1 1
github.com/yoshpy-dev/harness-engineering-scaffolding-template/internal/state/reader.go:49.2,49.16 1 1
github.com/yoshpy-dev/harness-engineering-scaffolding-template/internal/state/reader.go:61.71,64.16 3 1
github.com/yoshpy-dev/harness-engineering-scaffolding-template/internal/state/reader.go:64.16,66.3 1 1
github.com/yoshpy-dev/harness-engineering-scaffolding-template/internal/state/reader.go:67.2,67.15 1 1
github.com/yoshpy-dev/harness-engineering-scaffolding-template/internal/state/reader.go:67.15,67.32 1 1
github.com/yoshpy-dev/harness-engineering-scaffolding-template/internal/state/reader.go:69.2,73.21 4 1
github.com/yoshpy-dev/harness-engineering-scaffolding-template/internal/state/reader.go:73.21,77.53 2 1
github.com/yoshpy-dev/harness-engineering-scaffolding-template/internal/state/reader.go:77.53,79.12 2 1
github.com/yoshpy-dev/harness-engineering-scaffolding-template/internal/state/reader.go:81.3,81.54 1 1
github.com/yoshpy-dev/harness-engineering-scaffolding-template/internal/state/reader.go:81.54,82.9 1 1
github.com/yoshpy-dev/harness-engineering-scaffolding-template/internal/state/reader.go:84.3,84.21 1 1
github.com/yoshpy-dev/harness-engineering-scaffolding-template/internal/state/reader.go:84.21,85.12 1 1
github.com/yoshpy-dev/harness-engineering-scaffolding-template/internal/state/reader.go:89.3,89.34 1 1
github.com/yoshpy-dev/harness-engineering-scaffolding-template/internal/state/reader.go:89.34,90.12 1 1
github.com/yoshpy-dev/harness-engineering-scaffolding-template/internal/state/reader.go:93.3,94.21 2 1
github.com/yoshpy-dev/harness-engineering-scaffolding-template/internal/state/reader.go:94.21,95.12 1 0
github.com/yoshpy-dev/harness-engineering-scaffolding-template/internal/state/reader.go:98.3,103.25 4 1
github.com/yoshpy-dev/harness-engineering-scaffolding-template/internal/state/reader.go:103.25,104.12 1 0
github.com/yoshpy-dev/harness-engineering-scaffolding-template/internal/state/reader.go:108.3,109.27 2 1
github.com/yoshpy-dev/harness-engineering-scaffolding-template/internal/state/reader.go:109.27,110.12 1 0
github.com/yoshpy-dev/harness-engineering-scaffolding-template/internal/state/reader.go:114.3,114.35 1 1
github.com/yoshpy-dev/harness-engineering-scaffolding-template/internal/state/reader.go:114.35,115.32 1 1
github.com/yoshpy-dev/harness-engineering-scaffolding-template/internal/state/reader.go:115.32,117.5 1 1
github.com/yoshpy-dev/harness-engineering-scaffolding-template/internal/state/reader.go:121.2,121.38 1 1
github.com/yoshpy-dev/harness-engineering-scaffolding-template/internal/state/reader.go:121.38,123.3 1 0
github.com/yoshpy-dev/harness-engineering-scaffolding-template/internal/state/reader.go:125.2,125.18 1 1
github.com/yoshpy-dev/harness-engineering-scaffolding-template/internal/state/reader.go:129.55,132.16 3 1
github.com/yoshpy-dev/harness-engineering-scaffolding-template/internal/state/reader.go:132.16,134.3 1 0
github.com/yoshpy-dev/harness-engineering-scaffolding-template/internal/state/reader.go:135.2,136.28 2 1
github.com/yoshpy-dev/harness-engineering-scaffolding-template/internal/state/reader.go:136.28,141.3 4 1
github.com/yoshpy-dev/harness-engineering-scaffolding-template/internal/state/reader.go:142.2,142.19 1 1
github.com/yoshpy-dev/harness-engineering-scaffolding-template/internal/state/reader.go:146.81,148.16 2 1
github.com/yoshpy-dev/harness-engineering-scaffolding-template/internal/state/reader.go:148.16,150.3 1 1
github.com/yoshpy-dev/harness-engineering-scaffolding-template/internal/state/reader.go:152.2,153.16 2 1
github.com/yoshpy-dev/harness-engineering-scaffolding-template/internal/state/reader.go:153.16,155.3 1 0
github.com/yoshpy-dev/harness-engineering-scaffolding-template/internal/state/reader.go:157.2,161.34 4 1
github.com/yoshpy-dev/harness-engineering-scaffolding-template/internal/state/reader.go:161.34,163.17 2 1
github.com/yoshpy-dev/harness-engineering-scaffolding-template/internal/state/reader.go:163.17,165.4 1 0
github.com/yoshpy-dev/harness-engineering-scaffolding-template/internal/state/reader.go:167.3,174.17 3 1
github.com/yoshpy-dev/harness-engineering-scaffolding-template/internal/state/reader.go:174.17,178.40 4 1
github.com/yoshpy-dev/harness-engineering-scaffolding-template/internal/state/reader.go:178.40,180.5 1 0
github.com/yoshpy-dev/harness-engineering-scaffolding-template/internal/state/reader.go:181.4,181.31 1 1
github.com/yoshpy-dev/harness-engineering-scaffolding-template/internal/state/reader.go:181.31,183.5 1 0
github.com/yoshpy-dev/harness-engineering-scaffolding-template/internal/state/reader.go:185.4,185.77 1 1
github.com/yoshpy-dev/harness-engineering-scaffolding-template/internal/state/reader.go:185.77,187.5 1 1
github.com/yoshpy-dev/harness-engineering-scaffolding-template/internal/state/reader.go:188.9,190.27 1 1
github.com/yoshpy-dev/harness-engineering-scaffolding-template/internal/state/reader.go:190.27,192.5 1 1
github.com/yoshpy-dev/harness-engineering-scaffolding-template/internal/state/reader.go:195.3,195.27 1 1
github.com/yoshpy-dev/harness-engineering-scaffolding-template/internal/state/reader.go:195.27,197.4 1 0
github.com/yoshpy-dev/harness-engineering-scaffolding-template/internal/state/reader.go:199.3,199.30 1 1
github.com/yoshpy-dev/harness-engineering-scaffolding-template/internal/state/reader.go:202.2,206.15 4 1
github.com/yoshpy-dev/harness-engineering-scaffolding-template/internal/state/reader.go:206.15,208.3 1 1
github.com/yoshpy-dev/harness-engineering-scaffolding-template/internal/state/reader.go:210.2,219.8 1 1
github.com/yoshpy-dev/harness-engineering-scaffolding-template/internal/state/types.go:51.38,52.18 1 0
github.com/yoshpy-dev/harness-engineering-scaffolding-template/internal/state/types.go:53.70,54.14 1 0
github.com/yoshpy-dev/harness-engineering-scaffolding-template/internal/state/types.go:56.2,56.14 1 0
github.com/yoshpy-dev/harness-engineering-scaffolding-template/internal/state/types.go:60.38,62.2 1 0
github.com/yoshpy-dev/harness-engineering-scaffolding-template/internal/state/types.go:65.37,67.2 1 0
github.com/yoshpy-dev/harness-engineering-scaffolding-template/internal/state/types.go:70.41,72.2 1 0
github.com/yoshpy-dev/harness-engineering-scaffolding-template/internal/state/types.go:144.62,146.2 1 1
github.com/yoshpy-dev/harness-engineering-scaffolding-template/internal/state/types.go:149.60,151.2 1 0
github.com/yoshpy-dev/harness-engineering-scaffolding-template/internal/state/types.go:154.71,155.34 1 1
github.com/yoshpy-dev/harness-engineering-scaffolding-template/internal/state/types.go:155.34,157.3 1 1
github.com/yoshpy-dev/harness-engineering-scaffolding-template/internal/state/types.go:158.2,158.56 1 1
github.com/yoshpy-dev/harness-engineering-scaffolding-template/internal/state/types.go:162.50,163.13 1 1
github.com/yoshpy-dev/harness-engineering-scaffolding-template/internal/state/types.go:163.13,165.3 1 1
github.com/yoshpy-dev/harness-engineering-scaffolding-template/internal/state/types.go:167.2,167.55 1 1
github.com/yoshpy-dev/harness-engineering-scaffolding-template/internal/state/types.go:167.55,169.3 1 1
github.com/yoshpy-dev/harness-engineering-scaffolding-template/internal/state/types.go:171.2,171.64 1 1
github.com/yoshpy-dev/harness-engineering-scaffolding-template/internal/state/types.go:171.64,173.3 1 1
github.com/yoshpy-dev/harness-engineering-scaffolding-template/internal/state/types.go:174.2,174.90 1 1
github.com/yoshpy-dev/harness-engineering-scaffolding-template/internal/ui/confirm.go:29.37,31.2 1 1
github.com/yoshpy-dev/harness-engineering-scaffolding-template/internal/ui/confirm.go:34.62,39.2 4 1
github.com/yoshpy-dev/harness-engineering-scaffolding-template/internal/ui/confirm.go:42.43,47.2 4 1
github.com/yoshpy-dev/harness-engineering-scaffolding-template/internal/ui/confirm.go:51.67,52.16 1 1
github.com/yoshpy-dev/harness-engineering-scaffolding-template/internal/ui/confirm.go:52.16,54.3 1 1
github.com/yoshpy-dev/harness-engineering-scaffolding-template/internal/ui/confirm.go:56.2,56.27 1 1
github.com/yoshpy-dev/harness-engineering-scaffolding-template/internal/ui/confirm.go:57.23,58.23 1 1
github.com/yoshpy-dev/harness-engineering-scaffolding-template/internal/ui/confirm.go:59.26,62.29 3 1
github.com/yoshpy-dev/harness-engineering-scaffolding-template/internal/ui/confirm.go:62.29,62.63 1 1
github.com/yoshpy-dev/harness-engineering-scaffolding-template/internal/ui/confirm.go:63.24,66.29 3 1
github.com/yoshpy-dev/harness-engineering-scaffolding-template/internal/ui/confirm.go:66.29,66.62 1 1
github.com/yoshpy-dev/harness-engineering-scaffolding-template/internal/ui/confirm.go:69.2,69.15 1 1
github.com/yoshpy-dev/harness-engineering-scaffolding-template/internal/ui/confirm.go:73.37,74.16 1 1
github.com/yoshpy-dev/harness-engineering-scaffolding-template/internal/ui/confirm.go:74.16,76.3 1 1
github.com/yoshpy-dev/harness-engineering-scaffolding-template/internal/ui/confirm.go:78.2,85.35 3 1
github.com/yoshpy-dev/harness-engineering-scaffolding-template/internal/ui/help.go:16.32,36.2 1 1
github.com/yoshpy-dev/harness-engineering-scaffolding-template/internal/ui/help.go:39.43,47.28 6 1
github.com/yoshpy-dev/harness-engineering-scaffolding-template/internal/ui/help.go:47.28,51.3 3 1
github.com/yoshpy-dev/harness-engineering-scaffolding-template/internal/ui/help.go:52.2,56.81 3 1
github.com/yoshpy-dev/harness-engineering-scaffolding-template/internal/ui/keys.go:27.29,98.2 1 1
github.com/yoshpy-dev/harness-engineering-scaffolding-template/internal/ui/layout.go:28.96,29.44 1 1
github.com/yoshpy-dev/harness-engineering-scaffolding-template/internal/ui/layout.go:29.44,31.3 1 1
github.com/yoshpy-dev/harness-engineering-scaffolding-template/internal/ui/layout.go:34.2,62.65 18 1
github.com/yoshpy-dev/harness-engineering-scaffolding-template/internal/ui/layout.go:66.90,70.18 3 1
github.com/yoshpy-dev/harness-engineering-scaffolding-template/internal/ui/layout.go:70.18,72.3 1 0
github.com/yoshpy-dev/harness-engineering-scaffolding-template/internal/ui/layout.go:73.2,73.18 1 1
github.com/yoshpy-dev/harness-engineering-scaffolding-template/internal/ui/layout.go:73.18,75.3 1 0
github.com/yoshpy-dev/harness-engineering-scaffolding-template/internal/ui/layout.go:77.2,80.60 3 1
github.com/yoshpy-dev/harness-engineering-scaffolding-template/internal/ui/layout.go:84.92,89.17 4 1
github.com/yoshpy-dev/harness-engineering-scaffolding-template/internal/ui/layout.go:90.18,91.31 1 1
github.com/yoshpy-dev/harness-engineering-scaffolding-template/internal/ui/layout.go:92.18,93.31 1 1
github.com/yoshpy-dev/harness-engineering-scaffolding-template/internal/ui/layout.go:94.16,95.29 1 1
github.com/yoshpy-dev/harness-engineering-scaffolding-template/internal/ui/layout.go:96.19,97.32 1 1
github.com/yoshpy-dev/harness-engineering-scaffolding-template/internal/ui/layout.go:98.16,99.29 1 1
github.com/yoshpy-dev/harness-engineering-scaffolding-template/internal/ui/layout.go:101.2,103.20 3 1
github.com/yoshpy-dev/harness-engineering-scaffolding-template/internal/ui/model.go:20.18,32.2 1 1
github.com/yoshpy-dev/harness-engineering-scaffolding-template/internal/ui/model.go:35.31,37.2 1 1
github.com/yoshpy-dev/harness-engineering-scaffolding-template/internal/ui/model.go:40.57,41.27 1 1
github.com/yoshpy-dev/harness-engineering-scaffolding-template/internal/ui/model.go:42.25,45.16 3 1
github.com/yoshpy-dev/harness-engineering-scaffolding-template/internal/ui/model.go:47.23,48.26 1 1
github.com/yoshpy-dev/harness-engineering-scaffolding-template/internal/ui/model.go:51.2,51.15 1 1
github.com/yoshpy-dev/harness-engineering-scaffolding-template/internal/ui/model.go:55.68,57.16 1 1
github.com/yoshpy-dev/harness-engineering-scaffolding-template/internal/ui/model.go:57.16,58.10 1 1
github.com/yoshpy-dev/harness-engineering-scaffolding-template/internal/ui/model.go:59.38,60.22 1 1
github.com/yoshpy-dev/harness-engineering-scaffolding-template/internal/ui/model.go:61.38,63.22 2 1
github.com/yoshpy-dev/harness-engineering-scaffolding-template/internal/ui/model.go:65.3,65.16 1 1
github.com/yoshpy-dev/harness-engineering-scaffolding-template/internal/ui/model.go:68.2,68.9 1 1
github.com/yoshpy-dev/harness-engineering-scaffolding-template/internal/ui/model.go:69.37,71.21 2 1
github.com/yoshpy-dev/harness-engineering-scaffolding-template/internal/ui/model.go:72.37,73.20 1 1
github.com/yoshpy-dev/harness-engineering-scaffolding-template/internal/ui/model.go:74.37,75.34 1 1
github.com/yoshpy-dev/harness-engineering-scaffolding-template/internal/ui/model.go:76.38,77.35 1 1
github.com/yoshpy-dev/harness-engineering-scaffolding-template/internal/ui/model.go:78.41,79.34 1 1
github.com/yoshpy-dev/harness-engineering-scaffolding-template/internal/ui/model.go:80.41,81.34 1 1
github.com/yoshpy-dev/harness-engineering-scaffolding-template/internal/ui/model.go:84.2,84.15 1 1
github.com/yoshpy-dev/harness-engineering-scaffolding-template/internal/ui/model.go:88.32,89.16 1 1
github.com/yoshpy-dev/harness-engineering-scaffolding-template/internal/ui/model.go:89.16,91.3 1 1
github.com/yoshpy-dev/harness-engineering-scaffolding-template/internal/ui/model.go:92.2,92.35 1 1
github.com/yoshpy-dev/harness-engineering-scaffolding-template/internal/ui/model.go:92.35,94.3 1 1
github.com/yoshpy-dev/harness-engineering-scaffolding-template/internal/ui/model.go:96.2,96.16 1 1
github.com/yoshpy-dev/harness-engineering-scaffolding-template/internal/ui/model.go:96.16,98.3 1 1
github.com/yoshpy-dev/harness-engineering-scaffolding-template/internal/ui/model.go:100.2,101.83 2 1
github.com/yoshpy-dev/harness-engineering-scaffolding-template/internal/ui/pane.go:18.31,19.11 1 1
github.com/yoshpy-dev/harness-engineering-scaffolding-template/internal/ui/pane.go:20.18,21.18 1 1
github.com/yoshpy-dev/harness-engineering-scaffolding-template/internal/ui/pane.go:22.18,23.18 1 1
github.com/yoshpy-dev/harness-engineering-scaffolding-template/internal/ui/pane.go:24.16,25.24 1 1
github.com/yoshpy-dev/harness-engineering-scaffolding-template/internal/ui/pane.go:26.19,27.19 1 1
github.com/yoshpy-dev/harness-engineering-scaffolding-template/internal/ui/pane.go:28.16,29.16 1 1
github.com/yoshpy-dev/harness-engineering-scaffolding-template/internal/ui/pane.go:30.10,31.19 1 1
github.com/yoshpy-dev/harness-engineering-scaffolding-template/internal/ui/pane.go:36.34,38.2 1 1
github.com/yoshpy-dev/harness-engineering-scaffolding-template/internal/ui/pane.go:41.34,43.2 1 1
github.com/yoshpy-dev/harness-engineering-scaffolding-template/internal/ui/pane.go:48.35,49.17 1 1
github.com/yoshpy-dev/harness-engineering-scaffolding-template/internal/ui/pane.go:50.18,51.20 1 1
github.com/yoshpy-dev/harness-engineering-scaffolding-template/internal/ui/pane.go:52.18,53.18 1 1
github.com/yoshpy-dev/harness-engineering-scaffolding-template/internal/ui/pane.go:54.19,55.18 1 1
github.com/yoshpy-dev/harness-engineering-scaffolding-template/internal/ui/pane.go:56.10,57.17 1 1
github.com/yoshpy-dev/harness-engineering-scaffolding-template/internal/ui/pane.go:64.34,65.17 1 1
github.com/yoshpy-dev/harness-engineering-scaffolding-template/internal/ui/pane.go:66.18,67.20 1 1
github.com/yoshpy-dev/harness-engineering-scaffolding-template/internal/ui/pane.go:68.16,69.20 1 1
github.com/yoshpy-dev/harness-engineering-scaffolding-template/internal/ui/pane.go:70.16,71.21 1 1
github.com/yoshpy-dev/harness-engineering-scaffolding-template/internal/ui/pane.go:72.10,73.17 1 1
github.com/yoshpy-dev/harness-engineering-scaffolding-template/internal/ui/styles.go:23.64,25.13 2 1
github.com/yoshpy-dev/harness-engineering-scaffolding-template/internal/ui/styles.go:25.13,27.3 1 1
github.com/yoshpy-dev/harness-engineering-scaffolding-template/internal/ui/styles.go:28.2,32.17 1 1
github.com/yoshpy-dev/harness-engineering-scaffolding-template/internal/ui/styles.go:36.34,40.2 1 1
github.com/yoshpy-dev/harness-engineering-scaffolding-template/internal/ui/styles.go:43.48,44.16 1 1
github.com/yoshpy-dev/harness-engineering-scaffolding-template/internal/ui/styles.go:45.28,46.55 1 1
github.com/yoshpy-dev/harness-engineering-scaffolding-template/internal/ui/styles.go:47.25,48.57 1 1
github.com/yoshpy-dev/harness-engineering-scaffolding-template/internal/ui/styles.go:49.17,50.60 1 1
github.com/yoshpy-dev/harness-engineering-scaffolding-template/internal/ui/styles.go:51.10,52.60 1 1
github.com/yoshpy-dev/harness-engineering-scaffolding-template/internal/ui/styles.go:57.40,62.2 1 1
github.com/yoshpy-dev/harness-engineering-scaffolding-template/internal/ui/styles.go:65.39,66.16 1 0
github.com/yoshpy-dev/harness-engineering-scaffolding-template/internal/ui/styles.go:67.18,68.13 1 0
github.com/yoshpy-dev/harness-engineering-scaffolding-template/internal/ui/styles.go:69.17,70.13 1 0
github.com/yoshpy-dev/harness-engineering-scaffolding-template/internal/ui/styles.go:71.17,72.13 1 0
github.com/yoshpy-dev/harness-engineering-scaffolding-template/internal/ui/styles.go:73.83,74.13 1 0
github.com/yoshpy-dev/harness-engineering-scaffolding-template/internal/ui/styles.go:75.10,76.13 1 0
github.com/yoshpy-dev/harness-engineering-scaffolding-template/internal/ui/styles.go:81.45,82.16 1 0
github.com/yoshpy-dev/harness-engineering-scaffolding-template/internal/ui/styles.go:83.18,84.35 1 0
github.com/yoshpy-dev/harness-engineering-scaffolding-template/internal/ui/styles.go:85.17,86.35 1 0
github.com/yoshpy-dev/harness-engineering-scaffolding-template/internal/ui/styles.go:87.17,88.35 1 0
github.com/yoshpy-dev/harness-engineering-scaffolding-template/internal/ui/styles.go:89.83,90.35 1 0
github.com/yoshpy-dev/harness-engineering-scaffolding-template/internal/ui/styles.go:91.10,92.35 1 0
github.com/yoshpy-dev/harness-engineering-scaffolding-template/internal/ui/styles.go:97.43,98.15 1 0
github.com/yoshpy-dev/harness-engineering-scaffolding-template/internal/ui/styles.go:99.15,100.35 1 0
github.com/yoshpy-dev/harness-engineering-scaffolding-template/internal/ui/styles.go:101.15,102.35 1 0
github.com/yoshpy-dev/harness-engineering-scaffolding-template/internal/ui/styles.go:103.14,104.35 1 0
github.com/yoshpy-dev/harness-engineering-scaffolding-template/internal/ui/styles.go:105.10,106.35 1 0
github.com/yoshpy-dev/harness-engineering-scaffolding-template/internal/ui/panes/actions.go:26.62,30.2 1 1
github.com/yoshpy-dev/harness-engineering-scaffolding-template/internal/ui/panes/actions.go:33.54,37.2 3 1
github.com/yoshpy-dev/harness-engineering-scaffolding-template/internal/ui/panes/actions.go:40.61,43.2 2 1
github.com/yoshpy-dev/harness-engineering-scaffolding-template/internal/ui/panes/actions.go:46.67,47.27 1 1
github.com/yoshpy-dev/harness-engineering-scaffolding-template/internal/ui/panes/actions.go:48.27,53.16 5 1
github.com/yoshpy-dev/harness-engineering-scaffolding-template/internal/ui/panes/actions.go:55.29,56.21 1 1
github.com/yoshpy-dev/harness-engineering-scaffolding-template/internal/ui/panes/actions.go:56.21,59.4 2 1
github.com/yoshpy-dev/harness-engineering-scaffolding-template/internal/ui/panes/actions.go:59.9,62.4 2 1
github.com/yoshpy-dev/harness-engineering-scaffolding-template/internal/ui/panes/actions.go:63.3,63.16 1 1
github.com/yoshpy-dev/harness-engineering-scaffolding-template/internal/ui/panes/actions.go:65.29,67.19 2 1
github.com/yoshpy-dev/harness-engineering-scaffolding-template/internal/ui/panes/actions.go:67.19,69.4 1 1
github.com/yoshpy-dev/harness-engineering-scaffolding-template/internal/ui/panes/actions.go:70.3,70.21 1 1
github.com/yoshpy-dev/harness-engineering-scaffolding-template/internal/ui/panes/actions.go:70.21,73.4 2 1
github.com/yoshpy-dev/harness-engineering-scaffolding-template/internal/ui/panes/actions.go:73.9,76.4 2 1
github.com/yoshpy-dev/harness-engineering-scaffolding-template/internal/ui/panes/actions.go:77.3,77.16 1 1
github.com/yoshpy-dev/harness-engineering-scaffolding-template/internal/ui/panes/actions.go:79.30,80.21 1 1
github.com/yoshpy-dev/harness-engineering-scaffolding-template/internal/ui/panes/actions.go:80.21,83.4 2 1
github.com/yoshpy-dev/harness-engineering-scaffolding-template/internal/ui/panes/actions.go:83.9,86.4 2 1
github.com/yoshpy-dev/harness-engineering-scaffolding-template/internal/ui/panes/actions.go:87.3,87.16 1 1
github.com/yoshpy-dev/harness-engineering-scaffolding-template/internal/ui/panes/actions.go:89.20,92.16 3 1
github.com/yoshpy-dev/harness-engineering-scaffolding-template/internal/ui/panes/actions.go:95.2,95.15 1 0
github.com/yoshpy-dev/harness-engineering-scaffolding-template/internal/ui/panes/actions.go:101.87,102.28 1 1
github.com/yoshpy-dev/harness-engineering-scaffolding-template/internal/ui/panes/actions.go:102.28,104.3 1 1
github.com/yoshpy-dev/harness-engineering-scaffolding-template/internal/ui/panes/actions.go:106.2,107.22 2 1
github.com/yoshpy-dev/harness-engineering-scaffolding-template/internal/ui/panes/actions.go:108.11,109.20 1 1
github.com/yoshpy-dev/harness-engineering-scaffolding-template/internal/ui/panes/actions.go:109.20,111.4 1 1
github.com/yoshpy-dev/harness-engineering-scaffolding-template/internal/ui/panes/actions.go:112.3,116.24 2 1
github.com/yoshpy-dev/harness-engineering-scaffolding-template/internal/ui/panes/actions.go:118.11,119.20 1 1
github.com/yoshpy-dev/harness-engineering-scaffolding-template/internal/ui/panes/actions.go:119.20,121.4 1 1
github.com/yoshpy-dev/harness-engineering-scaffolding-template/internal/ui/panes/actions.go:122.3,126.24 2 1
github.com/yoshpy-dev/harness-engineering-scaffolding-template/internal/ui/panes/actions.go:128.11,133.24 2 1
github.com/yoshpy-dev/harness-engineering-scaffolding-template/internal/ui/panes/actions.go:135.11,136.19 1 1
github.com/yoshpy-dev/harness-engineering-scaffolding-template/internal/ui/panes/actions.go:136.19,138.4 1 1
github.com/yoshpy-dev/harness-engineering-scaffolding-template/internal/ui/panes/actions.go:139.3,139.52 1 1
github.com/yoshpy-dev/harness-engineering-scaffolding-template/internal/ui/panes/actions.go:141.11,142.23 1 1
github.com/yoshpy-dev/harness-engineering-scaffolding-template/internal/ui/panes/actions.go:142.23,144.4 1 1
github.com/yoshpy-dev/harness-engineering-scaffolding-template/internal/ui/panes/actions.go:145.3,145.58 1 1
github.com/yoshpy-dev/harness-engineering-scaffolding-template/internal/ui/panes/actions.go:148.2,148.24 1 1
github.com/yoshpy-dev/harness-engineering-scaffolding-template/internal/ui/panes/actions.go:152.60,153.23 1 1
github.com/yoshpy-dev/harness-engineering-scaffolding-template/internal/ui/panes/actions.go:153.23,155.3 1 1
github.com/yoshpy-dev/harness-engineering-scaffolding-template/internal/ui/panes/actions.go:157.2,158.18 2 1
github.com/yoshpy-dev/harness-engineering-scaffolding-template/internal/ui/panes/actions.go:159.15,160.21 1 1
github.com/yoshpy-dev/harness-engineering-scaffolding-template/internal/ui/panes/actions.go:160.21,162.4 1 0
github.com/yoshpy-dev/harness-engineering-scaffolding-template/internal/ui/panes/actions.go:163.3,163.41 1 1
github.com/yoshpy-dev/harness-engineering-scaffolding-template/internal/ui/panes/actions.go:164.15,165.21 1 1
github.com/yoshpy-dev/harness-engineering-scaffolding-template/internal/ui/panes/actions.go:165.21,167.4 1 0
github.com/yoshpy-dev/harness-engineering-scaffolding-template/internal/ui/panes/actions.go:168.3,168.41 1 1
github.com/yoshpy-dev/harness-engineering-scaffolding-template/internal/ui/panes/actions.go:169.19,170.31 1 1
github.com/yoshpy-dev/harness-engineering-scaffolding-template/internal/ui/panes/actions.go:172.2,172.12 1 0
github.com/yoshpy-dev/harness-engineering-scaffolding-template/internal/ui/panes/actions.go:182.37,189.28 5 1
github.com/yoshpy-dev/harness-engineering-scaffolding-template/internal/ui/panes/actions.go:189.28,192.3 2 1
github.com/yoshpy-dev/harness-engineering-scaffolding-template/internal/ui/panes/actions.go:192.8,195.3 2 1
github.com/yoshpy-dev/harness-engineering-scaffolding-template/internal/ui/panes/actions.go:197.2,197.24 1 1
github.com/yoshpy-dev/harness-engineering-scaffolding-template/internal/ui/panes/actions.go:197.24,200.22 3 1
github.com/yoshpy-dev/harness-engineering-scaffolding-template/internal/ui/panes/actions.go:200.22,202.4 1 1
github.com/yoshpy-dev/harness-engineering-scaffolding-template/internal/ui/panes/actions.go:202.9,204.4 1 1
github.com/yoshpy-dev/harness-engineering-scaffolding-template/internal/ui/panes/actions.go:205.3,205.44 1 1
github.com/yoshpy-dev/harness-engineering-scaffolding-template/internal/ui/panes/actions.go:208.2,208.19 1 1
github.com/yoshpy-dev/harness-engineering-scaffolding-template/internal/ui/panes/actions.go:212.65,231.29 6 1
github.com/yoshpy-dev/harness-engineering-scaffolding-template/internal/ui/panes/actions.go:231.29,232.19 1 1
github.com/yoshpy-dev/harness-engineering-scaffolding-template/internal/ui/panes/actions.go:232.19,238.4 2 1
github.com/yoshpy-dev/harness-engineering-scaffolding-template/internal/ui/panes/actions.go:238.9,241.4 2 1
github.com/yoshpy-dev/harness-engineering-scaffolding-template/internal/ui/panes/actions.go:244.2,244.21 1 1
github.com/yoshpy-dev/harness-engineering-scaffolding-template/internal/ui/panes/actions.go:244.21,246.3 1 0
github.com/yoshpy-dev/harness-engineering-scaffolding-template/internal/ui/panes/actions.go:248.2,248.34 1 1
github.com/yoshpy-dev/harness-engineering-scaffolding-template/internal/ui/panes/deps.go:26.100,33.2 1 1
github.com/yoshpy-dev/harness-engineering-scaffolding-template/internal/ui/panes/deps.go:36.86,39.2 2 0
github.com/yoshpy-dev/harness-engineering-scaffolding-template/internal/ui/panes/deps.go:42.46,44.2 1 1
github.com/yoshpy-dev/harness-engineering-scaffolding-template/internal/ui/panes/deps.go:47.48,50.2 2 0
github.com/yoshpy-dev/harness-engineering-scaffolding-template/internal/ui/panes/deps.go:53.46,55.2 1 0
github.com/yoshpy-dev/harness-engineering-scaffolding-template/internal/ui/panes/deps.go:58.35,60.2 1 0
github.com/yoshpy-dev/harness-engineering-scaffolding-template/internal/ui/panes/deps.go:63.61,64.27 1 1
github.com/yoshpy-dev/harness-engineering-scaffolding-template/internal/ui/panes/deps.go:65.27,66.30 1 1
github.com/yoshpy-dev/harness-engineering-scaffolding-template/internal/ui/panes/deps.go:67.26,69.31 2 0
github.com/yoshpy-dev/harness-engineering-scaffolding-template/internal/ui/panes/deps.go:71.2,71.15 1 1
github.com/yoshpy-dev/harness-engineering-scaffolding-template/internal/ui/panes/deps.go:75.34,76.44 1 1
github.com/yoshpy-dev/harness-engineering-scaffolding-template/internal/ui/panes/deps.go:76.44,78.3 1 1
github.com/yoshpy-dev/harness-engineering-scaffolding-template/internal/ui/panes/deps.go:80.2,81.29 2 1
github.com/yoshpy-dev/harness-engineering-scaffolding-template/internal/ui/panes/deps.go:81.29,83.3 1 1
github.com/yoshpy-dev/harness-engineering-scaffolding-template/internal/ui/panes/deps.go:86.2,90.27 4 1
github.com/yoshpy-dev/harness-engineering-scaffolding-template/internal/ui/panes/deps.go:90.27,95.3 4 1
github.com/yoshpy-dev/harness-engineering-scaffolding-template/internal/ui/panes/deps.go:98.2,98.29 1 1
github.com/yoshpy-dev/harness-engineering-scaffolding-template/internal/ui/panes/deps.go:98.29,100.3 1 1
github.com/yoshpy-dev/harness-engineering-scaffolding-template/internal/ui/panes/deps.go:103.2,104.29 2 1
github.com/yoshpy-dev/harness-engineering-scaffolding-template/internal/ui/panes/deps.go:104.29,105.23 1 1
github.com/yoshpy-dev/harness-engineering-scaffolding-template/internal/ui/panes/deps.go:105.23,107.4 1 1
github.com/yoshpy-dev/harness-engineering-scaffolding-template/internal/ui/panes/deps.go:109.2,112.26 2 1
github.com/yoshpy-dev/harness-engineering-scaffolding-template/internal/ui/panes/deps.go:112.26,114.3 1 1
github.com/yoshpy-dev/harness-engineering-scaffolding-template/internal/ui/panes/deps.go:116.2,117.29 2 1
github.com/yoshpy-dev/harness-engineering-scaffolding-template/internal/ui/panes/deps.go:117.29,120.3 2 1
github.com/yoshpy-dev/harness-engineering-scaffolding-template/internal/ui/panes/deps.go:122.2,122.44 1 1
github.com/yoshpy-dev/harness-engineering-scaffolding-template/internal/ui/panes/deps.go:125.155,127.12 2 1
github.com/yoshpy-dev/harness-engineering-scaffolding-template/internal/ui/panes/deps.go:127.12,129.3 1 1
github.com/yoshpy-dev/harness-engineering-scaffolding-template/internal/ui/panes/deps.go:131.2,131.18 1 1
github.com/yoshpy-dev/harness-engineering-scaffolding-template/internal/ui/panes/deps.go:131.18,133.3 1 1
github.com/yoshpy-dev/harness-engineering-scaffolding-template/internal/ui/panes/deps.go:135.2,142.24 6 1
github.com/yoshpy-dev/harness-engineering-scaffolding-template/internal/ui/panes/deps.go:142.24,144.3 1 1
github.com/yoshpy-dev/harness-engineering-scaffolding-template/internal/ui/panes/deps.go:144.8,146.3 1 1
github.com/yoshpy-dev/harness-engineering-scaffolding-template/internal/ui/panes/deps.go:148.2,151.29 3 1
github.com/yoshpy-dev/harness-engineering-scaffolding-template/internal/ui/panes/deps.go:151.29,154.19 3 1
github.com/yoshpy-dev/harness-engineering-scaffolding-template/internal/ui/panes/deps.go:154.19,155.14 1 1
github.com/yoshpy-dev/harness-engineering-scaffolding-template/internal/ui/panes/deps.go:155.14,157.5 1 1
github.com/yoshpy-dev/harness-engineering-scaffolding-template/internal/ui/panes/deps.go:157.10,159.5 1 0
github.com/yoshpy-dev/harness-engineering-scaffolding-template/internal/ui/panes/deps.go:160.9,162.14 1 1
github.com/yoshpy-dev/harness-engineering-scaffolding-template/internal/ui/panes/deps.go:162.14,164.5 1 1
github.com/yoshpy-dev/harness-engineering-scaffolding-template/internal/ui/panes/deps.go:164.10,166.5 1 0
github.com/yoshpy-dev/harness-engineering-scaffolding-template/internal/ui/panes/deps.go:168.3,168.72 1 1
github.com/yoshpy-dev/harness-engineering-scaffolding-template/internal/ui/panes/detail.go:23.47,25.2 1 1
github.com/yoshpy-dev/harness-engineering-scaffolding-template/internal/ui/panes/detail.go:28.53,30.2 1 1
github.com/yoshpy-dev/harness-engineering-scaffolding-template/internal/ui/panes/detail.go:33.50,36.2 2 0
github.com/yoshpy-dev/harness-engineering-scaffolding-template/internal/ui/panes/detail.go:39.48,41.2 1 0
github.com/yoshpy-dev/harness-engineering-scaffolding-template/internal/ui/panes/detail.go:44.37,46.2 1 0
github.com/yoshpy-dev/harness-engineering-scaffolding-template/internal/ui/panes/detail.go:49.65,50.27 1 1
github.com/yoshpy-dev/harness-engineering-scaffolding-template/internal/ui/panes/detail.go:51.27,53.15 2 1
github.com/yoshpy-dev/harness-engineering-scaffolding-template/internal/ui/panes/detail.go:55.2,55.15 1 1
github.com/yoshpy-dev/harness-engineering-scaffolding-template/internal/ui/panes/detail.go:59.36,60.20 1 1
github.com/yoshpy-dev/harness-engineering-scaffolding-template/internal/ui/panes/detail.go:60.20,62.3 1 1
github.com/yoshpy-dev/harness-engineering-scaffolding-template/internal/ui/panes/detail.go:64.2,79.19 10 1
github.com/yoshpy-dev/harness-engineering-scaffolding-template/internal/ui/panes/detail.go:79.19,83.3 3 1
github.com/yoshpy-dev/harness-engineering-scaffolding-template/internal/ui/panes/detail.go:86.2,86.22 1 1
github.com/yoshpy-dev/harness-engineering-scaffolding-template/internal/ui/panes/detail.go:86.22,88.3 1 1
github.com/yoshpy-dev/harness-engineering-scaffolding-template/internal/ui/panes/detail.go:91.2,94.24 2 1
github.com/yoshpy-dev/harness-engineering-scaffolding-template/internal/ui/panes/detail.go:94.24,96.3 1 1
github.com/yoshpy-dev/harness-engineering-scaffolding-template/internal/ui/panes/detail.go:99.2,99.19 1 1
github.com/yoshpy-dev/harness-engineering-scaffolding-template/internal/ui/panes/detail.go:99.19,101.3 1 1
github.com/yoshpy-dev/harness-engineering-scaffolding-template/internal/ui/panes/detail.go:103.2,103.19 1 1
github.com/yoshpy-dev/harness-engineering-scaffolding-template/internal/ui/panes/detail.go:107.41,108.17 1 1
github.com/yoshpy-dev/harness-engineering-scaffolding-template/internal/ui/panes/detail.go:108.17,110.3 1 1
github.com/yoshpy-dev/harness-engineering-scaffolding-template/internal/ui/panes/detail.go:111.2,111.18 1 1
github.com/yoshpy-dev/harness-engineering-scaffolding-template/internal/ui/panes/detail.go:111.18,113.3 1 1
github.com/yoshpy-dev/harness-engineering-scaffolding-template/internal/ui/panes/detail.go:115.2,119.11 4 1
github.com/yoshpy-dev/harness-engineering-scaffolding-template/internal/ui/panes/detail.go:119.11,121.3 1 1
github.com/yoshpy-dev/harness-engineering-scaffolding-template/internal/ui/panes/detail.go:122.2,122.11 1 1
github.com/yoshpy-dev/harness-engineering-scaffolding-template/internal/ui/panes/detail.go:122.11,124.3 1 1
github.com/yoshpy-dev/harness-engineering-scaffolding-template/internal/ui/panes/detail.go:125.2,125.30 1 1
github.com/yoshpy-dev/harness-engineering-scaffolding-template/internal/ui/panes/logview.go:17.33,19.2 1 1
github.com/yoshpy-dev/harness-engineering-scaffolding-template/internal/ui/panes/logview.go:32.49,40.2 2 1
github.com/yoshpy-dev/harness-engineering-scaffolding-template/internal/ui/panes/logview.go:43.51,48.2 4 0
github.com/yoshpy-dev/harness-engineering-scaffolding-template/internal/ui/panes/logview.go:51.49,53.2 1 1
github.com/yoshpy-dev/harness-engineering-scaffolding-template/internal/ui/panes/logview.go:56.51,60.18 4 1
github.com/yoshpy-dev/harness-engineering-scaffolding-template/internal/ui/panes/logview.go:60.18,62.3 1 1
github.com/yoshpy-dev/harness-engineering-scaffolding-template/internal/ui/panes/logview.go:66.48,70.18 4 1
github.com/yoshpy-dev/harness-engineering-scaffolding-template/internal/ui/panes/logview.go:70.18,72.3 1 1
github.com/yoshpy-dev/harness-engineering-scaffolding-template/internal/ui/panes/logview.go:76.39,78.2 1 1
github.com/yoshpy-dev/harness-engineering-scaffolding-template/internal/ui/panes/logview.go:81.38,83.2 1 0
github.com/yoshpy-dev/harness-engineering-scaffolding-template/internal/ui/panes/logview.go:86.67,87.27 1 1
github.com/yoshpy-dev/harness-engineering-scaffolding-template/internal/ui/panes/logview.go:88.21,90.16 2 1
github.com/yoshpy-dev/harness-engineering-scaffolding-template/internal/ui/panes/logview.go:91.23,92.16 1 1
github.com/yoshpy-dev/harness-engineering-scaffolding-template/internal/ui/panes/logview.go:92.16,94.4 1 1
github.com/yoshpy-dev/harness-engineering-scaffolding-template/internal/ui/panes/logview.go:96.2,96.15 1 1
github.com/yoshpy-dev/harness-engineering-scaffolding-template/internal/ui/panes/logview.go:99.79,100.22 1 1
github.com/yoshpy-dev/harness-engineering-scaffolding-template/internal/ui/panes/logview.go:101.19,103.27 2 1
github.com/yoshpy-dev/harness-engineering-scaffolding-template/internal/ui/panes/logview.go:104.17,106.25 2 1
github.com/yoshpy-dev/harness-engineering-scaffolding-template/internal/ui/panes/logview.go:107.11,109.26 2 1
github.com/yoshpy-dev/harness-engineering-scaffolding-template/internal/ui/panes/logview.go:110.11,112.23 2 1
github.com/yoshpy-dev/harness-engineering-scaffolding-template/internal/ui/panes/logview.go:114.2,114.15 1 1
github.com/yoshpy-dev/harness-engineering-scaffolding-template/internal/ui/panes/logview.go:118.37,119.23 1 1
github.com/yoshpy-dev/harness-engineering-scaffolding-template/internal/ui/panes/logview.go:119.23,121.3 1 1
github.com/yoshpy-dev/harness-engineering-scaffolding-template/internal/ui/panes/logview.go:122.2,122.26 1 1
github.com/yoshpy-dev/harness-engineering-scaffolding-template/internal/ui/panes/progress.go:20.70,22.2 1 1
github.com/yoshpy-dev/harness-engineering-scaffolding-template/internal/ui/panes/progress.go:25.62,27.2 1 0
github.com/yoshpy-dev/harness-engineering-scaffolding-template/internal/ui/panes/progress.go:30.45,32.2 1 0
github.com/yoshpy-dev/harness-engineering-scaffolding-template/internal/ui/panes/progress.go:35.39,37.2 1 0
github.com/yoshpy-dev/harness-engineering-scaffolding-template/internal/ui/panes/progress.go:40.69,41.27 1 1
github.com/yoshpy-dev/harness-engineering-scaffolding-template/internal/ui/panes/progress.go:42.26,43.31 1 1
github.com/yoshpy-dev/harness-engineering-scaffolding-template/internal/ui/panes/progress.go:45.2,45.15 1 1
github.com/yoshpy-dev/harness-engineering-scaffolding-template/internal/ui/panes/progress.go:57.52,59.16 2 1
github.com/yoshpy-dev/harness-engineering-scaffolding-template/internal/ui/panes/progress.go:59.16,61.3 1 1
github.com/yoshpy-dev/harness-engineering-scaffolding-template/internal/ui/panes/progress.go:63.2,65.27 3 1
github.com/yoshpy-dev/harness-engineering-scaffolding-template/internal/ui/panes/progress.go:65.27,66.39 1 1
github.com/yoshpy-dev/harness-engineering-scaffolding-template/internal/ui/panes/progress.go:66.39,69.4 2 1
github.com/yoshpy-dev/harness-engineering-scaffolding-template/internal/ui/panes/progress.go:72.2,80.3 3 1
github.com/yoshpy-dev/harness-engineering-scaffolding-template/internal/ui/panes/progress.go:85.65,86.38 1 1
github.com/yoshpy-dev/harness-engineering-scaffolding-template/internal/ui/panes/progress.go:86.38,88.3 1 1
github.com/yoshpy-dev/harness-engineering-scaffolding-template/internal/ui/panes/progress.go:89.2,91.34 3 1
github.com/yoshpy-dev/harness-engineering-scaffolding-template/internal/ui/panes/progress.go:95.38,102.18 4 1
github.com/yoshpy-dev/harness-engineering-scaffolding-template/internal/ui/panes/progress.go:102.18,104.3 1 0
github.com/yoshpy-dev/harness-engineering-scaffolding-template/internal/ui/panes/progress.go:106.2,107.21 2 1
github.com/yoshpy-dev/harness-engineering-scaffolding-template/internal/ui/panes/progress.go:107.21,109.3 1 1
github.com/yoshpy-dev/harness-engineering-scaffolding-template/internal/ui/panes/progress.go:110.2,110.23 1 1
github.com/yoshpy-dev/harness-engineering-scaffolding-template/internal/ui/panes/progress.go:110.23,112.3 1 0
github.com/yoshpy-dev/harness-engineering-scaffolding-template/internal/ui/panes/progress.go:114.2,116.21 2 1
github.com/yoshpy-dev/harness-engineering-scaffolding-template/internal/ui/panes/slicelist.go:28.80,36.2 3 1
github.com/yoshpy-dev/harness-engineering-scaffolding-template/internal/ui/panes/slicelist.go:39.63,42.56 3 0
github.com/yoshpy-dev/harness-engineering-scaffolding-template/internal/ui/panes/slicelist.go:42.56,44.3 1 0
github.com/yoshpy-dev/harness-engineering-scaffolding-template/internal/ui/panes/slicelist.go:48.53,51.2 2 0
github.com/yoshpy-dev/harness-engineering-scaffolding-template/internal/ui/panes/slicelist.go:54.51,56.29 2 1
github.com/yoshpy-dev/harness-engineering-scaffolding-template/internal/ui/panes/slicelist.go:56.29,58.3 1 0
github.com/yoshpy-dev/harness-engineering-scaffolding-template/internal/ui/panes/slicelist.go:62.66,63.26 1 1
github.com/yoshpy-dev/harness-engineering-scaffolding-template/internal/ui/panes/slicelist.go:63.26,65.3 1 1
github.com/yoshpy-dev/harness-engineering-scaffolding-template/internal/ui/panes/slicelist.go:66.2,67.28 2 1
github.com/yoshpy-dev/harness-engineering-scaffolding-template/internal/ui/panes/slicelist.go:71.38,73.2 1 1
github.com/yoshpy-dev/harness-engineering-scaffolding-template/internal/ui/panes/slicelist.go:76.45,78.2 1 1
github.com/yoshpy-dev/harness-engineering-scaffolding-template/internal/ui/panes/slicelist.go:81.40,83.2 1 0
github.com/yoshpy-dev/harness-engineering-scaffolding-template/internal/ui/panes/slicelist.go:86.71,87.16 1 1
github.com/yoshpy-dev/harness-engineering-scaffolding-template/internal/ui/panes/slicelist.go:87.16,89.3 1 1
github.com/yoshpy-dev/harness-engineering-scaffolding-template/internal/ui/panes/slicelist.go:91.2,91.27 1 1
github.com/yoshpy-dev/harness-engineering-scaffolding-template/internal/ui/panes/slicelist.go:92.23,93.18 1 1
github.com/yoshpy-dev/harness-engineering-scaffolding-template/internal/ui/panes/slicelist.go:93.18,95.4 1 1
github.com/yoshpy-dev/harness-engineering-scaffolding-template/internal/ui/panes/slicelist.go:96.3,96.29 1 1
github.com/yoshpy-dev/harness-engineering-scaffolding-template/internal/ui/panes/slicelist.go:99.2,99.15 1 0
github.com/yoshpy-dev/harness-engineering-scaffolding-template/internal/ui/panes/slicelist.go:102.85,103.22 1 1
github.com/yoshpy-dev/harness-engineering-scaffolding-template/internal/ui/panes/slicelist.go:104.19,105.35 1 1
github.com/yoshpy-dev/harness-engineering-scaffolding-template/internal/ui/panes/slicelist.go:105.35,108.4 2 1
github.com/yoshpy-dev/harness-engineering-scaffolding-template/internal/ui/panes/slicelist.go:109.17,110.19 1 1
github.com/yoshpy-dev/harness-engineering-scaffolding-template/internal/ui/panes/slicelist.go:110.19,113.4 2 1
github.com/yoshpy-dev/harness-engineering-scaffolding-template/internal/ui/panes/slicelist.go:114.11,117.16 3 1
github.com/yoshpy-dev/harness-engineering-scaffolding-template/internal/ui/panes/slicelist.go:119.2,119.15 1 1
github.com/yoshpy-dev/harness-engineering-scaffolding-template/internal/ui/panes/slicelist.go:122.85,123.22 1 1
github.com/yoshpy-dev/harness-engineering-scaffolding-template/internal/ui/panes/slicelist.go:124.15,126.28 2 1
github.com/yoshpy-dev/harness-engineering-scaffolding-template/internal/ui/panes/slicelist.go:127.13,132.28 5 1
github.com/yoshpy-dev/harness-engineering-scaffolding-template/internal/ui/panes/slicelist.go:133.19,134.28 1 1
github.com/yoshpy-dev/harness-engineering-scaffolding-template/internal/ui/panes/slicelist.go:134.28,138.4 3 1
github.com/yoshpy-dev/harness-engineering-scaffolding-template/internal/ui/panes/slicelist.go:139.3,139.16 1 1
github.com/yoshpy-dev/harness-engineering-scaffolding-template/internal/ui/panes/slicelist.go:140.10,143.52 2 1
github.com/yoshpy-dev/harness-engineering-scaffolding-template/internal/ui/panes/slicelist.go:143.52,147.4 3 1
github.com/yoshpy-dev/harness-engineering-scaffolding-template/internal/ui/panes/slicelist.go:148.3,148.16 1 1
github.com/yoshpy-dev/harness-engineering-scaffolding-template/internal/ui/panes/slicelist.go:152.44,155.29 3 1
github.com/yoshpy-dev/harness-engineering-scaffolding-template/internal/ui/panes/slicelist.go:155.29,156.70 1 1
github.com/yoshpy-dev/harness-engineering-scaffolding-template/internal/ui/panes/slicelist.go:156.70,158.4 1 1
github.com/yoshpy-dev/harness-engineering-scaffolding-template/internal/ui/panes/slicelist.go:162.47,163.36 1 1
github.com/yoshpy-dev/harness-engineering-scaffolding-template/internal/ui/panes/slicelist.go:163.36,164.25 1 1
github.com/yoshpy-dev/harness-engineering-scaffolding-template/internal/ui/panes/slicelist.go:164.25,166.4 1 1
github.com/yoshpy-dev/harness-engineering-scaffolding-template/internal/ui/panes/slicelist.go:168.2,168.12 1 0
github.com/yoshpy-dev/harness-engineering-scaffolding-template/internal/ui/panes/slicelist.go:172.39,173.24 1 1
github.com/yoshpy-dev/harness-engineering-scaffolding-template/internal/ui/panes/slicelist.go:173.24,175.3 1 1
github.com/yoshpy-dev/harness-engineering-scaffolding-template/internal/ui/panes/slicelist.go:177.2,179.17 2 1
github.com/yoshpy-dev/harness-engineering-scaffolding-template/internal/ui/panes/slicelist.go:179.17,181.3 1 0
github.com/yoshpy-dev/harness-engineering-scaffolding-template/internal/ui/panes/slicelist.go:184.2,185.17 2 1
github.com/yoshpy-dev/harness-engineering-scaffolding-template/internal/ui/panes/slicelist.go:185.17,187.3 1 0
github.com/yoshpy-dev/harness-engineering-scaffolding-template/internal/ui/panes/slicelist.go:188.2,188.23 1 1
github.com/yoshpy-dev/harness-engineering-scaffolding-template/internal/ui/panes/slicelist.go:188.23,190.3 1 0
github.com/yoshpy-dev/harness-engineering-scaffolding-template/internal/ui/panes/slicelist.go:192.2,193.31 2 1
github.com/yoshpy-dev/harness-engineering-scaffolding-template/internal/ui/panes/slicelist.go:193.31,195.3 1 0
github.com/yoshpy-dev/harness-engineering-scaffolding-template/internal/ui/panes/slicelist.go:196.2,197.27 2 1
github.com/yoshpy-dev/harness-engineering-scaffolding-template/internal/ui/panes/slicelist.go:197.27,199.3 1 1
github.com/yoshpy-dev/harness-engineering-scaffolding-template/internal/ui/panes/slicelist.go:201.2,201.31 1 1
github.com/yoshpy-dev/harness-engineering-scaffolding-template/internal/ui/panes/slicelist.go:201.31,210.20 7 1
github.com/yoshpy-dev/harness-engineering-scaffolding-template/internal/ui/panes/slicelist.go:210.20,212.4 1 1
github.com/yoshpy-dev/harness-engineering-scaffolding-template/internal/ui/panes/slicelist.go:214.3,216.47 3 1
github.com/yoshpy-dev/harness-engineering-scaffolding-template/internal/ui/panes/slicelist.go:216.47,218.4 1 1
github.com/yoshpy-dev/harness-engineering-scaffolding-template/internal/ui/panes/slicelist.go:220.3,221.16 2 1
github.com/yoshpy-dev/harness-engineering-scaffolding-template/internal/ui/panes/slicelist.go:221.16,223.4 1 1
github.com/yoshpy-dev/harness-engineering-scaffolding-template/internal/ui/panes/slicelist.go:223.9,225.4 1 1
github.com/yoshpy-dev/harness-engineering-scaffolding-template/internal/ui/panes/slicelist.go:228.2,228.19 1 1
github.com/yoshpy-dev/harness-engineering-scaffolding-template/internal/action/abort.go:7.57,8.53 1 1
github.com/yoshpy-dev/harness-engineering-scaffolding-template/internal/action/abort.go:8.53,9.25 1 1
github.com/yoshpy-dev/harness-engineering-scaffolding-template/internal/action/abort.go:9.25,11.4 1 1
github.com/yoshpy-dev/harness-engineering-scaffolding-template/internal/action/abort.go:13.2,13.59 1 1
github.com/yoshpy-dev/harness-engineering-scaffolding-template/internal/action/abort.go:13.59,19.3 1 1
github.com/yoshpy-dev/harness-engineering-scaffolding-template/internal/action/abort.go:24.39,25.59 1 1
github.com/yoshpy-dev/harness-engineering-scaffolding-template/internal/action/abort.go:25.59,30.3 1 1
github.com/yoshpy-dev/harness-engineering-scaffolding-template/internal/action/executor.go:22.54,24.46 2 1
github.com/yoshpy-dev/harness-engineering-scaffolding-template/internal/action/executor.go:24.46,26.3 1 1
github.com/yoshpy-dev/harness-engineering-scaffolding-template/internal/action/executor.go:27.2,30.8 1 1
github.com/yoshpy-dev/harness-engineering-scaffolding-template/internal/action/executor.go:34.39,36.2 1 1
github.com/yoshpy-dev/harness-engineering-scaffolding-template/internal/action/executor.go:39.38,41.2 1 1
github.com/yoshpy-dev/harness-engineering-scaffolding-template/internal/action/executor.go:45.43,46.16 1 1
github.com/yoshpy-dev/harness-engineering-scaffolding-template/internal/action/executor.go:46.16,48.3 1 1
github.com/yoshpy-dev/harness-engineering-scaffolding-template/internal/action/executor.go:49.2,49.64 1 1
github.com/yoshpy-dev/harness-engineering-scaffolding-template/internal/action/executor.go:49.64,51.3 1 1
github.com/yoshpy-dev/harness-engineering-scaffolding-template/internal/action/executor.go:52.2,52.34 1 1
github.com/yoshpy-dev/harness-engineering-scaffolding-template/internal/action/executor.go:52.34,54.3 1 1
github.com/yoshpy-dev/harness-engineering-scaffolding-template/internal/action/executor.go:55.2,55.12 1 1
github.com/yoshpy-dev/harness-engineering-scaffolding-template/internal/action/executor.go:60.59,64.2 3 1
github.com/yoshpy-dev/harness-engineering-scaffolding-template/internal/action/executor.go:67.104,70.24 3 1
github.com/yoshpy-dev/harness-engineering-scaffolding-template/internal/action/executor.go:70.24,75.3 4 1
github.com/yoshpy-dev/harness-engineering-scaffolding-template/internal/action/external.go:12.54,14.17 2 1
github.com/yoshpy-dev/harness-engineering-scaffolding-template/internal/action/external.go:14.17,16.3 1 1
github.com/yoshpy-dev/harness-engineering-scaffolding-template/internal/action/external.go:17.2,18.52 2 1
github.com/yoshpy-dev/harness-engineering-scaffolding-template/internal/action/external.go:18.52,20.3 1 0
github.com/yoshpy-dev/harness-engineering-scaffolding-template/internal/action/external.go:25.60,27.18 2 1
github.com/yoshpy-dev/harness-engineering-scaffolding-template/internal/action/external.go:27.18,29.3 1 1
github.com/yoshpy-dev/harness-engineering-scaffolding-template/internal/action/external.go:30.2,31.52 2 1
github.com/yoshpy-dev/harness-engineering-scaffolding-template/internal/action/external.go:31.52,33.3 1 0
github.com/yoshpy-dev/harness-engineering-scaffolding-template/internal/action/retry.go:7.57,8.53 1 1
github.com/yoshpy-dev/harness-engineering-scaffolding-template/internal/action/retry.go:8.53,9.25 1 1
github.com/yoshpy-dev/harness-engineering-scaffolding-template/internal/action/retry.go:9.25,11.4 1 1
github.com/yoshpy-dev/harness-engineering-scaffolding-template/internal/action/retry.go:13.2,13.59 1 1
github.com/yoshpy-dev/harness-engineering-scaffolding-template/internal/action/retry.go:13.59,19.3 1 1
github.com/yoshpy-dev/harness-engineering-scaffolding-template/internal/watcher/messages.go:28.41,28.65 1 1
github.com/yoshpy-dev/harness-engineering-scaffolding-template/internal/watcher/tailer.go:30.61,39.16 3 1
github.com/yoshpy-dev/harness-engineering-scaffolding-template/internal/watcher/tailer.go:39.16,40.25 1 1
github.com/yoshpy-dev/harness-engineering-scaffolding-template/internal/watcher/tailer.go:40.25,44.4 2 1
github.com/yoshpy-dev/harness-engineering-scaffolding-template/internal/watcher/tailer.go:45.3,45.18 1 0
github.com/yoshpy-dev/harness-engineering-scaffolding-template/internal/watcher/tailer.go:49.2,50.16 2 1
github.com/yoshpy-dev/harness-engineering-scaffolding-template/internal/watcher/tailer.go:50.16,53.3 2 0
github.com/yoshpy-dev/harness-engineering-scaffolding-template/internal/watcher/tailer.go:54.2,58.15 4 1
github.com/yoshpy-dev/harness-engineering-scaffolding-template/internal/watcher/tailer.go:62.33,63.24 1 1
github.com/yoshpy-dev/harness-engineering-scaffolding-template/internal/watcher/tailer.go:63.24,64.10 1 1
github.com/yoshpy-dev/harness-engineering-scaffolding-template/internal/watcher/tailer.go:65.29,66.11 1 0
github.com/yoshpy-dev/harness-engineering-scaffolding-template/internal/watcher/tailer.go:66.11,68.5 1 0
github.com/yoshpy-dev/harness-engineering-scaffolding-template/internal/watcher/tailer.go:69.4,69.14 1 0
github.com/yoshpy-dev/harness-engineering-scaffolding-template/internal/watcher/tailer.go:70.17,71.48 1 1
github.com/yoshpy-dev/harness-engineering-scaffolding-template/internal/watcher/tailer.go:77.63,82.19 3 1
github.com/yoshpy-dev/harness-engineering-scaffolding-template/internal/watcher/tailer.go:82.19,85.3 2 1
github.com/yoshpy-dev/harness-engineering-scaffolding-template/internal/watcher/tailer.go:87.2,90.16 3 1
github.com/yoshpy-dev/harness-engineering-scaffolding-template/internal/watcher/tailer.go:90.16,91.25 1 0
github.com/yoshpy-dev/harness-engineering-scaffolding-template/internal/watcher/tailer.go:91.25,94.4 2 0
github.com/yoshpy-dev/harness-engineering-scaffolding-template/internal/watcher/tailer.go:95.3,95.13 1 0
github.com/yoshpy-dev/harness-engineering-scaffolding-template/internal/watcher/tailer.go:98.2,99.16 2 1
github.com/yoshpy-dev/harness-engineering-scaffolding-template/internal/watcher/tailer.go:99.16,102.3 2 0
github.com/yoshpy-dev/harness-engineering-scaffolding-template/internal/watcher/tailer.go:103.2,107.12 4 1
github.com/yoshpy-dev/harness-engineering-scaffolding-template/internal/watcher/tailer.go:111.25,112.24 1 1
github.com/yoshpy-dev/harness-engineering-scaffolding-template/internal/watcher/tailer.go:112.24,115.20 3 1
github.com/yoshpy-dev/harness-engineering-scaffolding-template/internal/watcher/tailer.go:115.20,118.4 2 1
github.com/yoshpy-dev/harness-engineering-scaffolding-template/internal/watcher/tailer.go:119.3,119.16 1 1
github.com/yoshpy-dev/harness-engineering-scaffolding-template/internal/watcher/tailer.go:124.29,128.6 3 1
github.com/yoshpy-dev/harness-engineering-scaffolding-template/internal/watcher/tailer.go:128.6,129.10 1 1
github.com/yoshpy-dev/harness-engineering-scaffolding-template/internal/watcher/tailer.go:130.19,131.20 1 1
github.com/yoshpy-dev/harness-engineering-scaffolding-template/internal/watcher/tailer.go:132.17,133.10 1 1
github.com/yoshpy-dev/harness-engineering-scaffolding-template/internal/watcher/tailer.go:139.33,142.14 3 1
github.com/yoshpy-dev/harness-engineering-scaffolding-template/internal/watcher/tailer.go:142.14,145.3 2 0
github.com/yoshpy-dev/harness-engineering-scaffolding-template/internal/watcher/tailer.go:148.2,149.16 2 1
github.com/yoshpy-dev/harness-engineering-scaffolding-template/internal/watcher/tailer.go:149.16,152.3 2 0
github.com/yoshpy-dev/harness-engineering-scaffolding-template/internal/watcher/tailer.go:154.2,154.29 1 1
github.com/yoshpy-dev/harness-engineering-scaffolding-template/internal/watcher/tailer.go:154.29,156.29 1 0
github.com/yoshpy-dev/harness-engineering-scaffolding-template/internal/watcher/tailer.go:156.29,159.4 2 0
github.com/yoshpy-dev/harness-engineering-scaffolding-template/internal/watcher/tailer.go:160.3,161.9 2 0
github.com/yoshpy-dev/harness-engineering-scaffolding-template/internal/watcher/tailer.go:164.2,169.6 5 1
github.com/yoshpy-dev/harness-engineering-scaffolding-template/internal/watcher/tailer.go:169.6,171.20 2 1
github.com/yoshpy-dev/harness-engineering-scaffolding-template/internal/watcher/tailer.go:171.20,174.59 2 1
github.com/yoshpy-dev/harness-engineering-scaffolding-template/internal/watcher/tailer.go:174.59,176.5 1 1
github.com/yoshpy-dev/harness-engineering-scaffolding-template/internal/watcher/tailer.go:177.4,181.11 4 1
github.com/yoshpy-dev/harness-engineering-scaffolding-template/internal/watcher/tailer.go:182.68,182.68 0 1
github.com/yoshpy-dev/harness-engineering-scaffolding-template/internal/watcher/tailer.go:183.18,184.11 1 0
github.com/yoshpy-dev/harness-engineering-scaffolding-template/internal/watcher/tailer.go:187.3,187.17 1 1
github.com/yoshpy-dev/harness-engineering-scaffolding-template/internal/watcher/tailer.go:187.17,188.9 1 1
github.com/yoshpy-dev/harness-engineering-scaffolding-template/internal/watcher/tailer.go:194.47,198.6 3 1
github.com/yoshpy-dev/harness-engineering-scaffolding-template/internal/watcher/tailer.go:198.6,199.10 1 1
github.com/yoshpy-dev/harness-engineering-scaffolding-template/internal/watcher/tailer.go:200.19,202.18 2 1
github.com/yoshpy-dev/harness-engineering-scaffolding-template/internal/watcher/tailer.go:202.18,203.13 1 0
github.com/yoshpy-dev/harness-engineering-scaffolding-template/internal/watcher/tailer.go:205.4,210.10 6 1
github.com/yoshpy-dev/harness-engineering-scaffolding-template/internal/watcher/tailer.go:211.17,212.10 1 0
github.com/yoshpy-dev/harness-engineering-scaffolding-template/internal/watcher/watcher.go:29.58,39.16 3 1
github.com/yoshpy-dev/harness-engineering-scaffolding-template/internal/watcher/watcher.go:39.16,43.3 3 0
github.com/yoshpy-dev/harness-engineering-scaffolding-template/internal/watcher/watcher.go:44.2,47.63 2 1
github.com/yoshpy-dev/harness-engineering-scaffolding-template/internal/watcher/watcher.go:47.63,49.3 1 1
github.com/yoshpy-dev/harness-engineering-scaffolding-template/internal/watcher/watcher.go:52.2,55.15 3 1
github.com/yoshpy-dev/harness-engineering-scaffolding-template/internal/watcher/watcher.go:60.84,71.2 3 1
github.com/yoshpy-dev/harness-engineering-scaffolding-template/internal/watcher/watcher.go:75.35,76.24 1 1
github.com/yoshpy-dev/harness-engineering-scaffolding-template/internal/watcher/watcher.go:76.24,77.10 1 1
github.com/yoshpy-dev/harness-engineering-scaffolding-template/internal/watcher/watcher.go:78.29,79.11 1 0
github.com/yoshpy-dev/harness-engineering-scaffolding-template/internal/watcher/watcher.go:79.11,81.5 1 0
github.com/yoshpy-dev/harness-engineering-scaffolding-template/internal/watcher/watcher.go:82.4,82.14 1 0
github.com/yoshpy-dev/harness-engineering-scaffolding-template/internal/watcher/watcher.go:83.17,84.49 1 1
github.com/yoshpy-dev/harness-engineering-scaffolding-template/internal/watcher/watcher.go:90.32,92.24 2 1
github.com/yoshpy-dev/harness-engineering-scaffolding-template/internal/watcher/watcher.go:92.24,94.25 2 1
github.com/yoshpy-dev/harness-engineering-scaffolding-template/internal/watcher/watcher.go:94.25,96.4 1 1
github.com/yoshpy-dev/harness-engineering-scaffolding-template/internal/watcher/watcher.go:98.2,98.12 1 1
github.com/yoshpy-dev/harness-engineering-scaffolding-template/internal/watcher/watcher.go:102.31,103.6 1 1
github.com/yoshpy-dev/harness-engineering-scaffolding-template/internal/watcher/watcher.go:103.6,104.10 1 1
github.com/yoshpy-dev/harness-engineering-scaffolding-template/internal/watcher/watcher.go:105.42,106.11 1 1
github.com/yoshpy-dev/harness-engineering-scaffolding-template/internal/watcher/watcher.go:106.11,108.5 1 1
github.com/yoshpy-dev/harness-engineering-scaffolding-template/internal/watcher/watcher.go:109.4,113.11 2 1
github.com/yoshpy-dev/harness-engineering-scaffolding-template/internal/watcher/watcher.go:114.24,114.24 0 1
github.com/yoshpy-dev/harness-engineering-scaffolding-template/internal/watcher/watcher.go:115.18,116.11 1 0
github.com/yoshpy-dev/harness-engineering-scaffolding-template/internal/watcher/watcher.go:118.40,119.11 1 1
github.com/yoshpy-dev/harness-engineering-scaffolding-template/internal/watcher/watcher.go:119.11,121.5 1 1
github.com/yoshpy-dev/harness-engineering-scaffolding-template/internal/watcher/watcher.go:122.4,122.11 1 0
github.com/yoshpy-dev/harness-engineering-scaffolding-template/internal/watcher/watcher.go:123.46,123.46 0 0
github.com/yoshpy-dev/harness-engineering-scaffolding-template/internal/watcher/watcher.go:124.18,125.11 1 0
github.com/yoshpy-dev/harness-engineering-scaffolding-template/internal/watcher/watcher.go:127.17,128.10 1 1
github.com/yoshpy-dev/harness-engineering-scaffolding-template/internal/watcher/watcher.go:134.30,142.6 5 1
github.com/yoshpy-dev/harness-engineering-scaffolding-template/internal/watcher/watcher.go:142.6,143.10 1 1
github.com/yoshpy-dev/harness-engineering-scaffolding-template/internal/watcher/watcher.go:144.19,145.32 1 1
github.com/yoshpy-dev/harness-engineering-scaffolding-template/internal/watcher/watcher.go:146.17,147.10 1 1
github.com/yoshpy-dev/harness-engineering-scaffolding-template/internal/watcher/watcher.go:153.74,157.26 3 1
github.com/yoshpy-dev/harness-engineering-scaffolding-template/internal/watcher/watcher.go:157.26,160.17 3 1
github.com/yoshpy-dev/harness-engineering-scaffolding-template/internal/watcher/watcher.go:160.17,161.38 1 1
github.com/yoshpy-dev/harness-engineering-scaffolding-template/internal/watcher/watcher.go:161.38,163.17 2 0
github.com/yoshpy-dev/harness-engineering-scaffolding-template/internal/watcher/watcher.go:163.17,165.6 1 0
github.com/yoshpy-dev/harness-engineering-scaffolding-template/internal/watcher/watcher.go:167.4,167.12 1 1
github.com/yoshpy-dev/harness-engineering-scaffolding-template/internal/watcher/watcher.go:169.3,171.57 3 1
github.com/yoshpy-dev/harness-engineering-scaffolding-template/internal/watcher/watcher.go:171.57,173.14 2 1
github.com/yoshpy-dev/harness-engineering-scaffolding-template/internal/watcher/watcher.go:173.14,175.5 1 1
github.com/yoshpy-dev/harness-engineering-scaffolding-template/internal/watcher/watcher.go:176.4,176.47 1 1
github.com/yoshpy-dev/harness-engineering-scaffolding-template/internal/watcher/watcher.go:181.2,181.14 1 1
github.com/yoshpy-dev/harness-engineering-scaffolding-template/internal/watcher/watcher.go:181.14,182.27 1 1
github.com/yoshpy-dev/harness-engineering-scaffolding-template/internal/watcher/watcher.go:182.27,183.16 1 1
github.com/yoshpy-dev/harness-engineering-scaffolding-template/internal/watcher/watcher.go:183.16,186.5 2 1
github.com/yoshpy-dev/harness-engineering-scaffolding-template/internal/watcher/watcher.go:192.48,196.55 2 1
github.com/yoshpy-dev/harness-engineering-scaffolding-template/internal/watcher/watcher.go:196.55,197.29 1 1
github.com/yoshpy-dev/harness-engineering-scaffolding-template/internal/watcher/watcher.go:197.29,198.18 1 1
github.com/yoshpy-dev/harness-engineering-scaffolding-template/internal/watcher/watcher.go:198.18,200.5 1 1
github.com/yoshpy-dev/harness-engineering-scaffolding-template/internal/watcher/watcher.go:205.2,205.60 1 1
github.com/yoshpy-dev/harness-engineering-scaffolding-template/internal/watcher/watcher.go:205.60,206.29 1 1
github.com/yoshpy-dev/harness-engineering-scaffolding-template/internal/watcher/watcher.go:206.29,207.17 1 1
github.com/yoshpy-dev/harness-engineering-scaffolding-template/internal/watcher/watcher.go:207.17,210.5 2 1
github.com/yoshpy-dev/harness-engineering-scaffolding-template/internal/watcher/watcher.go:214.2,214.14 1 1
github.com/yoshpy-dev/harness-engineering-scaffolding-template/internal/watcher/watcher.go:218.40,219.26 1 1
github.com/yoshpy-dev/harness-engineering-scaffolding-template/internal/watcher/watcher.go:219.26,221.3 1 0
github.com/yoshpy-dev/harness-engineering-scaffolding-template/internal/watcher/watcher.go:222.2,223.16 2 1
github.com/yoshpy-dev/harness-engineering-scaffolding-template/internal/watcher/watcher.go:223.16,225.3 1 0
github.com/yoshpy-dev/harness-engineering-scaffolding-template/internal/watcher/watcher.go:226.2,226.28 1 1
github.com/yoshpy-dev/harness-engineering-scaffolding-template/internal/watcher/watcher.go:226.28,227.17 1 1
github.com/yoshpy-dev/harness-engineering-scaffolding-template/internal/watcher/watcher.go:227.17,228.12 1 0
github.com/yoshpy-dev/harness-engineering-scaffolding-template/internal/watcher/watcher.go:230.3,231.60 2 1
github.com/yoshpy-dev/harness-engineering-scaffolding-template/internal/watcher/watcher.go:231.60,233.4 1 0
github.com/yoshpy-dev/harness-engineering-scaffolding-template/internal/watcher/watcher.go:238.40,239.9 1 1
github.com/yoshpy-dev/harness-engineering-scaffolding-template/internal/watcher/watcher.go:240.22,240.22 0 1
github.com/yoshpy-dev/harness-engineering-scaffolding-template/internal/watcher/watcher.go:241.16,241.16 0 0
github.com/yoshpy-dev/harness-engineering-scaffolding-template/internal/watcher/watcher.go:246.38,248.28 2 1
github.com/yoshpy-dev/harness-engineering-scaffolding-template/internal/watcher/watcher.go:248.28,250.3 1 1
github.com/yoshpy-dev/harness-engineering-scaffolding-template/internal/watcher/watcher.go:251.2,251.29 1 1
github.com/yoshpy-dev/harness-engineering-scaffolding-template/internal/watcher/watcher.go:251.29,253.3 1 1
github.com/yoshpy-dev/harness-engineering-scaffolding-template/internal/watcher/watcher.go:254.2,254.29 1 1
github.com/yoshpy-dev/harness-engineering-scaffolding-template/internal/watcher/watcher.go:254.29,256.3 1 0
github.com/yoshpy-dev/harness-engineering-scaffolding-template/internal/watcher/watcher.go:257.2,257.29 1 1
github.com/yoshpy-dev/harness-engineering-scaffolding-template/internal/watcher/watcher.go:257.29,259.3 1 0
github.com/yoshpy-dev/harness-engineering-scaffolding-template/internal/watcher/watcher.go:260.2,260.21 1 1
github.com/yoshpy-dev/harness-engineering-scaffolding-template/internal/watcher/watcher.go:260.21,262.3 1 1
github.com/yoshpy-dev/harness-engineering-scaffolding-template/internal/watcher/watcher.go:263.2,263.33 1 1
